[1mRunning smoke test across refactored structure…[0m

[SMOKE] scene 1 (OriginalScene) done — failures so far: 0
[SMOKE] scene 28 (MazePuzzleScene) done — failures so far: 0
[SMOKE] scene 29 (LissajousKnotScene) done — failures so far: 0
[SMOKE] scene 4 (CatsCradleScene) done — failures so far: 0
[SMOKE] scene 6 (TableTennisScene) done — failures so far: 0
[SMOKE] scene 25 (TableTennis3DScene) done — failures so far: 0
[SMOKE] scene 7 (PrismCodexScene) done — failures so far: 0
[SMOKE] scene 13 (GravityStringsScene) done — failures so far: 0
[SMOKE] scene 14 (NeuralWeaveScene) done — failures so far: 0
[SMOKE] scene 17 (FractalScene) done — failures so far: 0
[SMOKE] scene 18 (ShaderScene) done — failures so far: 0
[SMOKE] scene 19 (WormScene) done — failures so far: 0
[SMOKE] scene 23 (RecursiveMandalaScene) done — failures so far: 0
[SMOKE] scene 24 (KaleidoscopeScene) done — failures so far: 0
[SMOKE] scene 26 (VoidBloomScene) done — failures so far: 0
[SMOKE] scene 27 (CircuitMazeScene) done — failures so far: 0
[SMOKE] scene 31 (HourglassScene) done — failures so far: 0
[SMOKE] scene 32 (SacredGeometryScene) done — failures so far: 0
[SMOKE] scene 33 (MathWaveScene) done — failures so far: 0
[SMOKE] scene 34 (TorusKnotScene) done — failures so far: 0
[SMOKE] scene 35 (RoseCurveScene) done — failures so far: 0
[SMOKE] scene 36 (SriYantraScene) done — failures so far: 0
[SMOKE] scene 37 (NetOfBeingScene) done — failures so far: 0
[SMOKE] scene 38 (PsychedelicEyeScene) done — failures so far: 0
[SMOKE] scene 39 (CosmicLatticeScene) done — failures so far: 0
[SMOKE] scene 41 (DotMandalaScene) done — failures so far: 0
[SMOKE] scene 42 (MerkabaStarScene) done — failures so far: 0
[SMOKE] scene 43 (PentagonalVortexScene) done — failures so far: 0
[SMOKE] scene 44 (TunnelYantraScene) done — failures so far: 0
[SMOKE] scene 45 (VisualizerExplainerScene) done — failures so far: 0
╔══════════════════════════════════════════════════╗
║            SMOKE TEST COMPLETE                   ║
╠══════════════════════════════════════════════════╣
║  Scenes tested  : 030                            ║
║  Checks passed  : 5940                            ║
║  Failures found : 000                            ║
╠══════════════════════════════════════════════════╣
║  ALL CHECKS PASSED — no exceptions thrown        ║
╚══════════════════════════════════════════════════╝
[SMOKE] Performance Leaderboard (worst to best):
[SMOKE]   - RecursiveMandalaScene     :  14.08 ms / frame (~71.0 fps)
[SMOKE]   - NetOfBeingScene           :   5.29 ms / frame (~188.9 fps)
[SMOKE]   - CosmicLatticeScene        :   4.15 ms / frame (~240.9 fps)
[SMOKE]   - RoseCurveScene            :   3.44 ms / frame (~290.4 fps)
[SMOKE]   - HourglassScene            :   3.32 ms / frame (~301.4 fps)
[SMOKE]   - OriginalScene             :   3.12 ms / frame (~320.2 fps)
[SMOKE]   - TunnelYantraScene         :   2.90 ms / frame (~345.3 fps)
[SMOKE]   - LissajousKnotScene        :   2.16 ms / frame (~461.9 fps)
[SMOKE]   - VoidBloomScene            :   1.82 ms / frame (~548.5 fps)
[SMOKE]   - TableTennis3DScene        :   1.79 ms / frame (~558.8 fps)
[SMOKE]   - TorusKnotScene            :   1.68 ms / frame (~594.2 fps)
[SMOKE]   - MerkabaStarScene          :   1.57 ms / frame (~636.5 fps)
[SMOKE]   - MathWaveScene             :   1.55 ms / frame (~647.0 fps)
[SMOKE]   - NeuralWeaveScene          :   1.50 ms / frame (~666.8 fps)
[SMOKE]   - WormScene                 :   1.47 ms / frame (~682.6 fps)
[SMOKE]   - CircuitMazeScene          :   0.91 ms / frame (~999.0 fps)
[SMOKE]   - MazePuzzleScene           :   0.91 ms / frame (~999.0 fps)
[SMOKE]   - SriYantraScene            :   0.87 ms / frame (~999.0 fps)
[SMOKE]   - TableTennisScene          :   0.81 ms / frame (~999.0 fps)
[SMOKE]   - DotMandalaScene           :   0.79 ms / frame (~999.0 fps)
[SMOKE]   - SacredGeometryScene       :   0.73 ms / frame (~999.0 fps)
[SMOKE]   - PrismCodexScene           :   0.71 ms / frame (~999.0 fps)
[SMOKE]   - FractalScene              :   0.65 ms / frame (~999.0 fps)
[SMOKE]   - KaleidoscopeScene         :   0.64 ms / frame (~999.0 fps)
[SMOKE]   - CatsCradleScene           :   0.64 ms / frame (~999.0 fps)
[SMOKE]   - PentagonalVortexScene     :   0.63 ms / frame (~999.0 fps)
[SMOKE]   - GravityStringsScene       :   0.48 ms / frame (~999.0 fps)
[SMOKE]   - PsychedelicEyeScene       :   0.45 ms / frame (~999.0 fps)
[SMOKE]   - VisualizerExplainerScene  :   0.39 ms / frame (~999.0 fps)
[SMOKE]   - ShaderScene               :   0.32 ms / frame (~999.0 fps)
[SMOKE] Result written to: /home/xdd/Documents/code/music-visualizer-4-friend/.build/Music_Visualizer_CK/.smoketest_result

─────────────────────────────────────────
  Scenes : 30
  Checks : 5940 passed
  Fails  : 0
─────────────────────────────────────────
[32m[1m✓ SMOKE TEST PASSED[0m
